2013/01/18 09:18:02 [error] [exception.CDbException] exception 'CDbException' with message 'CDbConnection.connectionString cannot be empty.' in /var/www/vhosts/tickgoals.com/httpdocs/library/yii/framework/db/CDbConnection.php:369
Stack trace:
#0 /var/www/vhosts/tickgoals.com/httpdocs/library/yii/framework/db/CDbConnection.php(330): CDbConnection->open()
#1 /var/www/vhosts/tickgoals.com/httpdocs/library/yii/framework/db/CDbConnection.php(308): CDbConnection->setActive(true)
#2 /var/www/vhosts/tickgoals.com/httpdocs/library/yii/framework/base/CModule.php(387): CDbConnection->init()
#3 /var/www/vhosts/tickgoals.com/httpdocs/library/yii/framework/base/CApplication.php(438): CModule->getComponent('db')
#4 /var/www/vhosts/tickgoals.com/httpdocs/library/yii/framework/db/ar/CActiveRecord.php(623): CApplication->getDb()
#5 /var/www/vhosts/tickgoals.com/httpdocs/library/yii/framework/db/ar/CActiveRecord.php(2309): CActiveRecord->getDbConnection()
#6 /var/www/vhosts/tickgoals.com/httpdocs/library/yii/framework/db/ar/CActiveRecord.php(387): CActiveRecordMetaData->__construct(Object(Users))
#7 /var/www/vhosts/tickgoals.com/httpdocs/protected/modules/user/models/Users.php(28): CActiveRecord::model('Users')
#8 /var/www/vhosts/tickgoals.com/httpdocs/protected/commands/TestCommand.php(14): Users::model()
#9 /var/www/vhosts/tickgoals.com/httpdocs/library/yii/framework/console/CConsoleCommandRunner.php(67): TestCommand->run(Array)
#10 /var/www/vhosts/tickgoals.com/httpdocs/library/yii/framework/console/CConsoleApplication.php(91): CConsoleCommandRunner->run(Array)
#11 /var/www/vhosts/tickgoals.com/httpdocs/library/yii/framework/base/CApplication.php(169): CConsoleApplication->processRequest()
#12 /var/www/vhosts/tickgoals.com/httpdocs/protected/crondaily.php(70): CApplication->run()
#13 {main}
---
2013/01/18 09:19:01 [error] [exception.CDbException] exception 'CDbException' with message 'CDbConnection.connectionString cannot be empty.' in /var/www/vhosts/tickgoals.com/httpdocs/library/yii/framework/db/CDbConnection.php:369
Stack trace:
#0 /var/www/vhosts/tickgoals.com/httpdocs/library/yii/framework/db/CDbConnection.php(330): CDbConnection->open()
#1 /var/www/vhosts/tickgoals.com/httpdocs/library/yii/framework/db/CDbConnection.php(308): CDbConnection->setActive(true)
#2 /var/www/vhosts/tickgoals.com/httpdocs/library/yii/framework/base/CModule.php(387): CDbConnection->init()
#3 /var/www/vhosts/tickgoals.com/httpdocs/library/yii/framework/base/CApplication.php(438): CModule->getComponent('db')
#4 /var/www/vhosts/tickgoals.com/httpdocs/library/yii/framework/db/ar/CActiveRecord.php(623): CApplication->getDb()
#5 /var/www/vhosts/tickgoals.com/httpdocs/library/yii/framework/db/ar/CActiveRecord.php(2309): CActiveRecord->getDbConnection()
#6 /var/www/vhosts/tickgoals.com/httpdocs/library/yii/framework/db/ar/CActiveRecord.php(387): CActiveRecordMetaData->__construct(Object(Users))
#7 /var/www/vhosts/tickgoals.com/httpdocs/protected/modules/user/models/Users.php(28): CActiveRecord::model('Users')
#8 /var/www/vhosts/tickgoals.com/httpdocs/protected/commands/TestCommand.php(14): Users::model()
#9 /var/www/vhosts/tickgoals.com/httpdocs/library/yii/framework/console/CConsoleCommandRunner.php(67): TestCommand->run(Array)
#10 /var/www/vhosts/tickgoals.com/httpdocs/library/yii/framework/console/CConsoleApplication.php(91): CConsoleCommandRunner->run(Array)
#11 /var/www/vhosts/tickgoals.com/httpdocs/library/yii/framework/base/CApplication.php(169): CConsoleApplication->processRequest()
#12 /var/www/vhosts/tickgoals.com/httpdocs/protected/crondaily.php(70): CApplication->run()
#13 {main}
---
